Arguments: 
  C:\Program Files\nodejs\node.exe C:\Users\Luciano\AppData\Roaming\npm\node_modules\yarn\bin\yarn.js dev

PATH: 
  C:\Program Files\Java\zulu11.48.21-ca-jdk11.0.11-win_x64\bin;C:\Program Files\AdoptOpenJDK\jdk-8.0.242.08-hotspot\bin;C:\Program Files (x86)\Embarcadero\Studio\21.0\bin;C:\Users\Public\Documents\Embarcadero\Studio\21.0\Bpl;C:\Program Files (x86)\Embarcadero\Studio\21.0\bin64;C:\Users\Public\Documents\Embarcadero\Studio\21.0\Bpl\Win64;C:\Windows\system32;C:\Windows;C:\Windows\System32\Wbem;C:\Windows\System32\WindowsPowerShell\v1.0\;C:\Windows\System32\OpenSSH\;C:\Program Files (x86)\Windows Kits\10\Windows Performance Toolkit\;C:\Program Files\Git\cmd;C:\ProgramData\chocolatey\bin;C:\Program Files\nodejs\;C:\Program Files\Docker\Docker\resources\bin;C:\ProgramData\DockerDesktop\version-bin;C:\Program Files\MySQL\MySQL Shell 8.0\bin\;C:\Users\Luciano\AppData\Local\Microsoft\WindowsApps;;C:\Users\Luciano\AppData\Local\Programs\Microsoft VS Code\bin;C:\Program Files\heroku\bin;C:\Users\Luciano\AppData\Roaming\npm

Yarn version: 
  1.22.17

Node version: 
  14.18.1

Platform: 
  win32 x64

Trace: 
  SyntaxError: C:\Node\API-VENDAS\package.json: Unexpected token / in JSON at position 92
      at JSON.parse (<anonymous>)
      at C:\Users\Luciano\AppData\Roaming\npm\node_modules\yarn\lib\cli.js:1625:59
      at Generator.next (<anonymous>)
      at step (C:\Users\Luciano\AppData\Roaming\npm\node_modules\yarn\lib\cli.js:310:30)
      at C:\Users\Luciano\AppData\Roaming\npm\node_modules\yarn\lib\cli.js:321:13

npm manifest: 
  {
    "name": "API-VENDAS",
    "version": "1.0.0",
    "description": "",
    "main": "index.js",
   // "scripts": {
   //   "test": "echo \"Error: no test specified\" && exit 1"
   // },
    "keywords": [],
    "author": "",
    "license": "ISC",
    "scripts": {
      "dev": "ts-node-dev --inspect --transpile-only --ignore-watch node_modules src/server.ts"
    },
    "devDependencies": {
      "@types/node": "^16.11.1",
      "ts-node-dev": "^1.1.8",
      "tsconfig-paths": "^3.11.0",
      "typescript": "^4.4.4"
    }
  }

yarn manifest: 
  No manifest

Lockfile: 
  No lockfile
